Arguments: 
  /usr/bin/node /usr/bin/yarn install

PATH: 
  /usr/local/sbin:/usr/local/bin:/usr/sbin:/usr/bin:/sbin:/bin:/usr/games:/usr/local/games:/snap/bin:/snap/bin

Yarn version: 
  1.22.19

Node version: 
  16.20.2

Platform: 
  linux x64

Trace: 
  Error: getaddrinfo EAI_AGAIN registry.yarnpkg.com
      at GetAddrInfoReqWrap.onlookup [as oncomplete] (node:dns:109:26)

npm manifest: 
  {
    "name": "portfolio-nextjs",
    "version": "0.1.0",
    "private": true,
    "scripts": {
      "dev": "next dev",
      "build": "next build",
      "start": "next start",
      "lint": "next lint"
    },
    "dependencies": {
      "next": "12.1.6",
      "react": "18.1.0",
      "react-dom": "18.1.0",
      "react-icons": "^4.3.1"
    },
    "devDependencies": {
      "autoprefixer": "^10.4.7",
      "eslint": "8.15.0",
      "eslint-config-next": "12.1.6",
      "postcss": "^8.4.13",
      "tailwindcss": "^3.0.24"
    }
  }

yarn manifest: 
  No manifest

Lockfile: 
  No lockfile
